Using pre-set license
Built from '2021.3/staging' branch; Version is '2021.3.22f1 (b6c551784ba3) revision 11978065'; Using compiler version '192829333'; Build Type 'Release'
OS: 'Windows 10  (10.0.19045) 64bit Professional' Language: 'ko' Physical Memory: 16266 MB
BatchMode: 1, IsHumanControllingUs: 0, StartBugReporterOnCrash: 0, Is64bit: 1, IsPro: 1

COMMAND LINE ARGUMENTS:
C:\Program Files\Unity\Hub\Editor\2021.3.22f1\Editor\Unity.exe
-adb2
-batchMode
-noUpm
-name
AssetImportWorker0
-projectPath
D:/장주연/Unity/UniRun/Uni_Run
-logFile
Logs/AssetImportWorker0.log
-srvPort
61722
Successfully changed project path to: D:/장주연/Unity/UniRun/Uni_Run
D:/장주연/Unity/UniRun/Uni_Run
[UnityMemory] Configuration Parameters - Can be set up in boot.config
    "memorysetup-bucket-allocator-granularity=16"
    "memorysetup-bucket-allocator-bucket-count=8"
    "memorysetup-bucket-allocator-block-size=33554432"
    "memorysetup-bucket-allocator-block-count=8"
    "memorysetup-main-allocator-block-size=16777216"
    "memorysetup-thread-allocator-block-size=16777216"
    "memorysetup-gfx-main-allocator-block-size=16777216"
    "memorysetup-gfx-thread-allocator-block-size=16777216"
    "memorysetup-cache-allocator-block-size=4194304"
    "memorysetup-typetree-allocator-block-size=2097152"
    "memorysetup-profiler-bucket-allocator-granularity=16"
    "memorysetup-profiler-bucket-allocator-bucket-count=8"
    "memorysetup-profiler-bucket-allocator-block-size=33554432"
    "memorysetup-profiler-bucket-allocator-block-count=8"
    "memorysetup-profiler-allocator-block-size=16777216"
    "memorysetup-profiler-editor-allocator-block-size=1048576"
    "memorysetup-temp-allocator-size-main=16777216"
    "memorysetup-job-temp-allocator-block-size=2097152"
    "memorysetup-job-temp-allocator-block-size-background=1048576"
    "memorysetup-job-temp-allocator-reduction-small-platforms=262144"
    "memorysetup-temp-allocator-size-background-worker=32768"
    "memorysetup-temp-allocator-size-job-worker=262144"
    "memorysetup-temp-allocator-size-preload-manager=33554432"
    "memorysetup-temp-allocator-size-nav-mesh-worker=65536"
    "memorysetup-temp-allocator-size-audio-worker=65536"
    "memorysetup-temp-allocator-size-cloud-worker=32768"
    "memorysetup-temp-allocator-size-gi-baking-worker=262144"
    "memorysetup-temp-allocator-size-gfx=262144"
Player connection [6436] Host "[IP] 192.168.0.158 [Port] 0 [Flags] 2 [Guid] 1513762242 [EditorId] 1513762242 [Version] 1048832 [Id] WindowsEditor(7,301-14) [Debug] 1 [PackageName] WindowsEditor [ProjectName] Editor" joined multi-casting on [225.0.0.222:54997]...

Player connection [6436] Host "[IP] 192.168.0.158 [Port] 0 [Flags] 2 [Guid] 1513762242 [EditorId] 1513762242 [Version] 1048832 [Id] WindowsEditor(7,301-14) [Debug] 1 [PackageName] WindowsEditor [ProjectName] Editor" joined alternative multi-casting on [225.0.0.222:34997]...

Refreshing native plugins compatible for Editor in 119.84 ms, found 4 plugins.
Preloading 0 native plugins for Editor in 0.00 ms.
Initialize engine version: 2021.3.22f1 (b6c551784ba3)
[Subsystems] Discovering subsystems at path C:/Program Files/Unity/Hub/Editor/2021.3.22f1/Editor/Data/Resources/UnitySubsystems
[Subsystems] Discovering subsystems at path D:/장주연/Unity/UniRun/Uni_Run/Assets
GfxDevice: creating device client; threaded=0; jobified=0
Direct3D:
    Version:  Direct3D 11.0 [level 11.1]
    Renderer: NVIDIA GeForce GTX 1060 3GB (ID=0x1c02)
    Vendor:   NVIDIA
    VRAM:     2988 MB
    Driver:   31.0.15.1694
Initialize mono
Mono path[0] = 'C:/Program Files/Unity/Hub/Editor/2021.3.22f1/Editor/Data/Managed'
Mono path[1] = 'C:/Program Files/Unity/Hub/Editor/2021.3.22f1/Editor/Data/MonoBleedingEdge/lib/mono/unityjit-win32'
Mono config path = 'C:/Program Files/Unity/Hub/Editor/2021.3.22f1/Editor/Data/MonoBleedingEdge/etc'
Using monoOptions --debugger-agent=transport=dt_socket,embedding=1,server=y,suspend=n,address=127.0.0.1:56704
Begin MonoManager ReloadAssembly
Registering precompiled unity dll's ...
Register platform support module: C:/Program Files/Unity/Hub/Editor/2021.3.22f1/Editor/Data/PlaybackEngines/AndroidPlayer/UnityEditor.Android.Extensions.dll
Register platform support module: C:/Program Files/Unity/Hub/Editor/2021.3.22f1/Editor/Data/PlaybackEngines/WindowsStandaloneSupport/UnityEditor.WindowsStandalone.Extensions.dll
Registered in 0.010003 seconds.
Native extension for WindowsStandalone target not found
Native extension for Android target not found
Android Extension - Scanning For ADB Devices 307 ms
Refreshing native plugins compatible for Editor in 110.44 ms, found 4 plugins.
Preloading 0 native plugins for Editor in 0.00 ms.
Mono: successfully reloaded assembly
- Completed reload, in  1.103 seconds
Domain Reload Profiling:
	ReloadAssembly (1103ms)
		BeginReloadAssembly (106ms)
			ExecutionOrderSort (0ms)
			DisableScriptedObjects (0ms)
			BackupInstance (0ms)
			ReleaseScriptingObjects (0ms)
			CreateAndSetChildDomain (1ms)
		EndReloadAssembly (880ms)
			LoadAssemblies (104ms)
			RebuildTransferFunctionScriptingTraits (0ms)
			SetupTypeCache (135ms)
			ReleaseScriptCaches (0ms)
			RebuildScriptCaches (31ms)
			SetupLoadedEditorAssemblies (653ms)
				LogAssemblyErrors (0ms)
				InitializePlatformSupportModulesInManaged (381ms)
				SetLoadedEditorAssemblies (0ms)
				RefreshPlugins (111ms)
				BeforeProcessingInitializeOnLoad (1ms)
				ProcessInitializeOnLoadAttributes (112ms)
				ProcessInitializeOnLoadMethodAttributes (48ms)
				AfterProcessingInitializeOnLoad (0ms)
				EditorAssembliesLoaded (0ms)
			ExecutionOrderSort2 (0ms)
			AwakeInstancesAfterBackupRestoration (0ms)
Platform modules already initialized, skipping
Registering precompiled user dll's ...
Registered in 0.006403 seconds.
Begin MonoManager ReloadAssembly
Symbol file LoadedFromMemory doesn't match image D:\장주연\Unity\UniRun\Uni_Run\Library\PackageCache\com.unity.visualscripting@1.8.0\Editor\VisualScripting.Core\Dependencies\YamlDotNet\Unity.VisualScripting.YamlDotNet.dll
Symbol file LoadedFromMemory doesn't match image D:\장주연\Unity\UniRun\Uni_Run\Library\PackageCache\com.unity.visualscripting@1.8.0\Editor\VisualScripting.Core\Dependencies\DotNetZip\Unity.VisualScripting.IonicZip.dll
Native extension for WindowsStandalone target not found
Native extension for Android target not found
Refreshing native plugins compatible for Editor in 116.63 ms, found 4 plugins.
Preloading 0 native plugins for Editor in 0.00 ms.
Mono: successfully reloaded assembly
- Completed reload, in  1.305 seconds
Domain Reload Profiling:
	ReloadAssembly (1305ms)
		BeginReloadAssembly (137ms)
			ExecutionOrderSort (0ms)
			DisableScriptedObjects (7ms)
			BackupInstance (0ms)
			ReleaseScriptingObjects (0ms)
			CreateAndSetChildDomain (22ms)
		EndReloadAssembly (1042ms)
			LoadAssemblies (108ms)
			RebuildTransferFunctionScriptingTraits (0ms)
			SetupTypeCache (291ms)
			ReleaseScriptCaches (1ms)
			RebuildScriptCaches (61ms)
			SetupLoadedEditorAssemblies (539ms)
				LogAssemblyErrors (0ms)
				InitializePlatformSupportModulesInManaged (18ms)
				SetLoadedEditorAssemblies (0ms)
				RefreshPlugins (117ms)
				BeforeProcessingInitializeOnLoad (111ms)
				ProcessInitializeOnLoadAttributes (243ms)
				ProcessInitializeOnLoadMethodAttributes (40ms)
				AfterProcessingInitializeOnLoad (9ms)
				EditorAssembliesLoaded (0ms)
			ExecutionOrderSort2 (0ms)
			AwakeInstancesAfterBackupRestoration (7ms)
Platform modules already initialized, skipping
========================================================================
Worker process is ready to serve import requests
Launched and connected shader compiler UnityShaderCompiler.exe after 0.05 seconds
Refreshing native plugins compatible for Editor in 0.77 ms, found 4 plugins.
Preloading 0 native plugins for Editor in 0.00 ms.
Unloading 3734 Unused Serialized files (Serialized files now loaded: 0)
Unloading 41 unused Assets / (229.2 KB). Loaded Objects now: 4189.
Memory consumption went from 147.1 MB to 146.9 MB.
Total: 4.065600 ms (FindLiveObjects: 0.332400 ms CreateObjectMapping: 0.289300 ms MarkObjects: 3.219600 ms  DeleteObjects: 0.223300 ms)

AssetImportParameters requested are different than current active one (requested -> active):
  custom:video-decoder-ogg-theora: a1e56fd34408186e4bbccfd4996cb3dc -> 
  custom:container-muxer-webm: aa71ff27fc2769a1b78a27578f13a17b -> 
  custom:container-demuxer-webm: 4f35f7cbe854078d1ac9338744f61a02 -> 
  custom:video-encoder-webm-vp8: eb34c28f22e8b96e1ab97ce403110664 -> 
  custom:audio-encoder-webm-vorbis: bf7c407c2cedff20999df2af8eb42d56 -> 
  custom:framework-win-MediaFoundation: 216162199b28c13a410421893ffa2e32 -> 
  custom:container-demuxer-ogg: 62fdf1f143b41e24485cea50d1cbac27 -> 
  custom:video-decoder-webm-vp8: 9c59270c3fd7afecdb556c50c9e8de78 -> 
  custom:audio-decoder-ogg-vorbis: bf7c407c2cedff20999df2af8eb42d56 -> 
========================================================================
Received Import Request.
  Time since last request: 1391227.207191 seconds.
  path: Assets/00.Scenes
  artifactKey: Guid(131a6b21c8605f84396be9f6751fb6e3) Importer(815301076,1909f56bfc062723c751e8b465ee728b)
Start importing Assets/00.Scenes using Guid(131a6b21c8605f84396be9f6751fb6e3) Importer(815301076,1909f56bfc062723c751e8b465ee728b)  -> (artifact id: 'aff43b6552d0897aa1eb152daeae8ffd') in 0.011650 seconds 
========================================================================
Received Import Request.
  Time since last request: 0.545205 seconds.
  path: Assets/Prefabs
  artifactKey: Guid(47735b07221fe3f4a98a81e88841eceb) Importer(815301076,1909f56bfc062723c751e8b465ee728b)
Start importing Assets/Prefabs using Guid(47735b07221fe3f4a98a81e88841eceb) Importer(815301076,1909f56bfc062723c751e8b465ee728b)  -> (artifact id: 'b783937b959d4e3bff2e7106b9c48572') in 0.006028 seconds 
========================================================================
Received Import Request.
  Time since last request: 9.641000 seconds.
  path: Assets/Font
  artifactKey: Guid(f02dccbf98e3bfd4fa3cb9f28a1e7bd0) Importer(815301076,1909f56bfc062723c751e8b465ee728b)
Start importing Assets/Font using Guid(f02dccbf98e3bfd4fa3cb9f28a1e7bd0) Importer(815301076,1909f56bfc062723c751e8b465ee728b)  -> (artifact id: 'c0d2cbafd922fed7471c97b329807d72') in 0.007501 seconds 
========================================================================
Received Import Request.
  Time since last request: 4.904334 seconds.
  path: Assets/02.Prefabs
  artifactKey: Guid(47735b07221fe3f4a98a81e88841eceb) Importer(815301076,1909f56bfc062723c751e8b465ee728b)
Start importing Assets/02.Prefabs using Guid(47735b07221fe3f4a98a81e88841eceb) Importer(815301076,1909f56bfc062723c751e8b465ee728b)  -> (artifact id: 'd42e571d191c5550852452a7688b1f3d') in 0.006183 seconds 
========================================================================
Received Import Request.
  Time since last request: 11.645789 seconds.
  path: Assets/03.Sprites
  artifactKey: Guid(9aab1fb20297c5048b4042ba9f16de81) Importer(815301076,1909f56bfc062723c751e8b465ee728b)
Start importing Assets/03.Sprites using Guid(9aab1fb20297c5048b4042ba9f16de81) Importer(815301076,1909f56bfc062723c751e8b465ee728b)  -> (artifact id: 'cb9c5aaaf07a296cecdb32eb9ad5904c') in 0.006894 seconds 
========================================================================
Received Import Request.
  Time since last request: 14.349150 seconds.
  path: Assets/05.Audio
  artifactKey: Guid(90a196c2ed554f248842324e7a8257c1) Importer(815301076,1909f56bfc062723c751e8b465ee728b)
Start importing Assets/05.Audio using Guid(90a196c2ed554f248842324e7a8257c1) Importer(815301076,1909f56bfc062723c751e8b465ee728b)  -> (artifact id: 'b7711a2f5634a5bba14788437c9d7748') in 0.006290 seconds 
========================================================================
Received Import Request.
  Time since last request: 10.281058 seconds.
  path: Assets/06.Font
  artifactKey: Guid(f02dccbf98e3bfd4fa3cb9f28a1e7bd0) Importer(815301076,1909f56bfc062723c751e8b465ee728b)
Start importing Assets/06.Font using Guid(f02dccbf98e3bfd4fa3cb9f28a1e7bd0) Importer(815301076,1909f56bfc062723c751e8b465ee728b)  -> (artifact id: 'a13cce1b39f8115ec1b91e24717981b9') in 0.006271 seconds 
========================================================================
Received Import Request.
  Time since last request: 34.847285 seconds.
  path: Assets/04.Animations
  artifactKey: Guid(231961744b5a05c4eae0f431616efcc0) Importer(815301076,1909f56bfc062723c751e8b465ee728b)
Start importing Assets/04.Animations using Guid(231961744b5a05c4eae0f431616efcc0) Importer(815301076,1909f56bfc062723c751e8b465ee728b)  -> (artifact id: 'ec89ccabcea56dc9adece2d485101b83') in 0.006166 seconds 
========================================================================
Received Import Request.
  Time since last request: 21.461997 seconds.
  path: Assets/01.Scripts
  artifactKey: Guid(d7ef9b75d08444944b6feb727275ce22) Importer(815301076,1909f56bfc062723c751e8b465ee728b)
Start importing Assets/01.Scripts using Guid(d7ef9b75d08444944b6feb727275ce22) Importer(815301076,1909f56bfc062723c751e8b465ee728b)  -> (artifact id: 'e583a29ef6ce346b1f8de1f957839097') in 0.006468 seconds 
========================================================================
Received Prepare
Registering precompiled user dll's ...
Registered in 0.005661 seconds.
Begin MonoManager ReloadAssembly
Symbol file LoadedFromMemory doesn't match image D:\장주연\Unity\UniRun\Uni_Run\Library\PackageCache\com.unity.visualscripting@1.8.0\Editor\VisualScripting.Core\Dependencies\YamlDotNet\Unity.VisualScripting.YamlDotNet.dll
Symbol file LoadedFromMemory doesn't match image D:\장주연\Unity\UniRun\Uni_Run\Library\PackageCache\com.unity.visualscripting@1.8.0\Editor\VisualScripting.Core\Dependencies\DotNetZip\Unity.VisualScripting.IonicZip.dll
Native extension for WindowsStandalone target not found
Native extension for Android target not found
Refreshing native plugins compatible for Editor in 1.23 ms, found 4 plugins.
Preloading 0 native plugins for Editor in 0.00 ms.
Mono: successfully reloaded assembly
- Completed reload, in  1.262 seconds
Domain Reload Profiling:
	ReloadAssembly (1263ms)
		BeginReloadAssembly (158ms)
			ExecutionOrderSort (0ms)
			DisableScriptedObjects (9ms)
			BackupInstance (0ms)
			ReleaseScriptingObjects (0ms)
			CreateAndSetChildDomain (44ms)
		EndReloadAssembly (983ms)
			LoadAssemblies (109ms)
			RebuildTransferFunctionScriptingTraits (0ms)
			SetupTypeCache (337ms)
			ReleaseScriptCaches (1ms)
			RebuildScriptCaches (64ms)
			SetupLoadedEditorAssemblies (413ms)
				LogAssemblyErrors (0ms)
				InitializePlatformSupportModulesInManaged (26ms)
				SetLoadedEditorAssemblies (1ms)
				RefreshPlugins (1ms)
				BeforeProcessingInitializeOnLoad (110ms)
				ProcessInitializeOnLoadAttributes (224ms)
				ProcessInitializeOnLoadMethodAttributes (41ms)
				AfterProcessingInitializeOnLoad (10ms)
				EditorAssembliesLoaded (0ms)
			ExecutionOrderSort2 (0ms)
			AwakeInstancesAfterBackupRestoration (8ms)
Platform modules already initialized, skipping
Refreshing native plugins compatible for Editor in 3.25 ms, found 4 plugins.
Preloading 0 native plugins for Editor in 0.00 ms.
Unloading 3729 Unused Serialized files (Serialized files now loaded: 0)
Unloading 28 unused Assets / (196.0 KB). Loaded Objects now: 4192.
Memory consumption went from 146.6 MB to 146.5 MB.
Total: 3.300700 ms (FindLiveObjects: 0.302800 ms CreateObjectMapping: 0.217500 ms MarkObjects: 2.630100 ms  DeleteObjects: 0.149300 ms)

AssetImportParameters requested are different than current active one (requested -> active):
  custom:video-decoder-ogg-theora: a1e56fd34408186e4bbccfd4996cb3dc -> 
  custom:container-muxer-webm: aa71ff27fc2769a1b78a27578f13a17b -> 
  custom:container-demuxer-webm: 4f35f7cbe854078d1ac9338744f61a02 -> 
  custom:video-encoder-webm-vp8: eb34c28f22e8b96e1ab97ce403110664 -> 
  custom:audio-encoder-webm-vorbis: bf7c407c2cedff20999df2af8eb42d56 -> 
  custom:framework-win-MediaFoundation: 216162199b28c13a410421893ffa2e32 -> 
  custom:container-demuxer-ogg: 62fdf1f143b41e24485cea50d1cbac27 -> 
  custom:video-decoder-webm-vp8: 9c59270c3fd7afecdb556c50c9e8de78 -> 
  custom:audio-decoder-ogg-vorbis: bf7c407c2cedff20999df2af8eb42d56 -> 
========================================================================
Received Import Request.
  Time since last request: 1693.420280 seconds.
  path: Assets/Player.controller
  artifactKey: Guid(57758a9573501a84c91a431e4f8a224a) Importer(815301076,1909f56bfc062723c751e8b465ee728b)
Start importing Assets/Player.controller using Guid(57758a9573501a84c91a431e4f8a224a) Importer(815301076,1909f56bfc062723c751e8b465ee728b)  -> (artifact id: '45f12d888c0d8dd480e2f78f170440c6') in 0.052439 seconds 
========================================================================
Received Import Request.
  Time since last request: 1071.532137 seconds.
  path: Assets/03.Sprites/Toko_Jump.png
  artifactKey: Guid(f716f7502ddb743ef982e4d223876d5c) Importer(815301076,1909f56bfc062723c751e8b465ee728b)
Start importing Assets/03.Sprites/Toko_Jump.png using Guid(f716f7502ddb743ef982e4d223876d5c) Importer(815301076,1909f56bfc062723c751e8b465ee728b)  -> (artifact id: '65a1e2ce0fabc712fc55d760287d54d9') in 0.104063 seconds 
========================================================================
Received Import Request.
  Time since last request: 112.852679 seconds.
  path: Assets/04.Animations/Die.anim
  artifactKey: Guid(5b12e9f6dec7fb34a89dc3bd98e11abc) Importer(815301076,1909f56bfc062723c751e8b465ee728b)
Start importing Assets/04.Animations/Die.anim using Guid(5b12e9f6dec7fb34a89dc3bd98e11abc) Importer(815301076,1909f56bfc062723c751e8b465ee728b)  -> (artifact id: '17468acb43cfdc49db2493e71444ca37') in 0.009467 seconds 
========================================================================
Received Import Request.
  Time since last request: 36.601393 seconds.
  path: Assets/03.Sprites/Toko_Die.png
  artifactKey: Guid(5b9cf154823f6440b9c40d54c5d1bdad) Importer(815301076,1909f56bfc062723c751e8b465ee728b)
Start importing Assets/03.Sprites/Toko_Die.png using Guid(5b9cf154823f6440b9c40d54c5d1bdad) Importer(815301076,1909f56bfc062723c751e8b465ee728b)  -> (artifact id: '744e99fa3d34388bd635595bbe7e839c') in 0.025139 seconds 
========================================================================
Received Import Request.
  Time since last request: 72.800611 seconds.
  path: Assets/03.Sprites/New Animator Controller.controller
  artifactKey: Guid(44b9a31a31f7c5b4a921c2f2bc4de39b) Importer(815301076,1909f56bfc062723c751e8b465ee728b)
Start importing Assets/03.Sprites/New Animator Controller.controller using Guid(44b9a31a31f7c5b4a921c2f2bc4de39b) Importer(815301076,1909f56bfc062723c751e8b465ee728b)  -> (artifact id: 'dce0cacfbee751955c4492a3720a7393') in 0.006636 seconds 
========================================================================
Received Import Request.
  Time since last request: 735.850937 seconds.
  path: Assets/04.Animations/Jump.anim
  artifactKey: Guid(fde7d10b9a55a52439d5a5664ddb830c) Importer(815301076,1909f56bfc062723c751e8b465ee728b)
Start importing Assets/04.Animations/Jump.anim using Guid(fde7d10b9a55a52439d5a5664ddb830c) Importer(815301076,1909f56bfc062723c751e8b465ee728b)  -> (artifact id: 'b33c20da4e4d7c3faadf67ed43b984de') in 0.009144 seconds 
========================================================================
Received Import Request.
  Time since last request: 52.980540 seconds.
  path: Assets/04.Animations/Die.anim
  artifactKey: Guid(5b12e9f6dec7fb34a89dc3bd98e11abc) Importer(815301076,1909f56bfc062723c751e8b465ee728b)
Start importing Assets/04.Animations/Die.anim using Guid(5b12e9f6dec7fb34a89dc3bd98e11abc) Importer(815301076,1909f56bfc062723c751e8b465ee728b)  -> (artifact id: 'e4448605970815fb6bffa6ce7eda0d62') in 0.002579 seconds 
========================================================================
Received Import Request.
  Time since last request: 1.776877 seconds.
  path: Assets/04.Animations/Player.controller
  artifactKey: Guid(57758a9573501a84c91a431e4f8a224a) Importer(815301076,1909f56bfc062723c751e8b465ee728b)
Start importing Assets/04.Animations/Player.controller using Guid(57758a9573501a84c91a431e4f8a224a) Importer(815301076,1909f56bfc062723c751e8b465ee728b)  -> (artifact id: 'e90bf8170fe13cd199e705ef1f7689ce') in 0.003378 seconds 
========================================================================
Received Import Request.
  Time since last request: 5.551677 seconds.
  path: Assets/04.Animations/Run.anim
  artifactKey: Guid(1202e53b310bc27499d2ca28763414ce) Importer(815301076,1909f56bfc062723c751e8b465ee728b)
Start importing Assets/04.Animations/Run.anim using Guid(1202e53b310bc27499d2ca28763414ce) Importer(815301076,1909f56bfc062723c751e8b465ee728b)  -> (artifact id: '6471174a1b2e70954a49dccf53c07596') in 0.008038 seconds 
========================================================================
Received Import Request.
  Time since last request: 1098.144284 seconds.
  path: Assets/04.Animations/Player.controller
  artifactKey: Guid(57758a9573501a84c91a431e4f8a224a) Importer(815301076,1909f56bfc062723c751e8b465ee728b)
Start importing Assets/04.Animations/Player.controller using Guid(57758a9573501a84c91a431e4f8a224a) Importer(815301076,1909f56bfc062723c751e8b465ee728b)  -> (artifact id: 'cb9b9647bcab284036fcd9b572aee559') in 0.004129 seconds 
